<?xml version="1.0" encoding="UTF-8"?>
<!-- Generated by org.testng.reporters.JUnitReportReporter -->
<testsuite hostname="BOOK-ROIQ0ITO0M" failures="0" tests="1" name="Wellcomepackage.LoginPageTest" time="1.274" errors="0" timestamp="2023-08-15T16:26:07 IST" skipped="0">
  <testcase classname="Wellcomepackage.LoginPageTest" name="loginPageaTest" time="1.274"/>
</testsuite> <!-- Wellcomepackage.LoginPageTest -->
