<?xml version="1.0" encoding="UTF-8"?>
<!-- Generated by org.testng.reporters.JUnitReportReporter -->
<testsuite hostname="BOOK-ROIQ0ITO0M" failures="0" tests="5" name="Wellcomepackage.LoginPageTest" time="19.070" errors="0" timestamp="2023-08-16T11:12:35 IST" skipped="4">
  <testcase classname="Wellcomepackage.LoginPageTest" name="iframeTesting" time="19.070"/>
  <testcase classname="Wellcomepackage.LoginPageTest" name="lambdatest">
    <skipped/>
  </testcase> <!-- lambdatest -->
  <testcase classname="Wellcomepackage.LoginPageTest" name="SuccessAlert">
    <skipped/>
  </testcase> <!-- SuccessAlert -->
  <testcase classname="Wellcomepackage.LoginPageTest" name="loginPageaTest">
    <skipped/>
  </testcase> <!-- loginPageaTest -->
  <testcase classname="Wellcomepackage.LoginPageTest" name="FindWindowHandles">
    <skipped/>
  </testcase> <!-- FindWindowHandles -->
</testsuite> <!-- Wellcomepackage.LoginPageTest -->
