<?xml version="1.0" encoding="UTF-8"?>
<!-- Generated by org.testng.reporters.JUnitReportReporter -->
<testsuite hostname="BOOK-ROIQ0ITO0M" failures="0" tests="3" name="Wellcomepackage.LoginPageTest" time="5.986" errors="0" timestamp="2023-08-15T22:21:16 IST" skipped="0">
  <testcase classname="Wellcomepackage.LoginPageTest" name="loginPageaTest" time="1.091"/>
  <testcase classname="Wellcomepackage.LoginPageTest" name="SuccessAlert" time="0.078"/>
  <testcase classname="Wellcomepackage.LoginPageTest" name="lambdatest" time="4.817"/>
</testsuite> <!-- Wellcomepackage.LoginPageTest -->
