<?xml version="1.0" encoding="UTF-8"?>
<!-- Generated by org.testng.reporters.JUnitReportReporter -->
<testsuite hostname="BOOK-ROIQ0ITO0M" failures="0" tests="1" name="Wellcomepackage.BrowserOpenTesting" time="13.160" errors="0" timestamp="2023-08-15T22:21:16 IST" skipped="0">
  <testcase classname="Wellcomepackage.BrowserOpenTesting" name="test" time="13.160"/>
</testsuite> <!-- Wellcomepackage.BrowserOpenTesting -->
