<?xml version="1.0" encoding="UTF-8"?>
<!-- Generated by org.testng.reporters.JUnitReportReporter -->
<testsuite hostname="BOOK-ROIQ0ITO0M" failures="0" tests="1" name="Wellcomepackage.LoginPageTest" time="0.175" errors="0" timestamp="2023-08-15T10:14:29 IST" skipped="0">
  <testcase classname="Wellcomepackage.LoginPageTest" name="loginPageaTest" time="0.175"/>
</testsuite> <!-- Wellcomepackage.LoginPageTest -->
