<?xml version="1.0" encoding="UTF-8"?>
<!-- Generated by org.testng.reporters.JUnitReportReporter -->
<testsuite hostname="BOOK-ROIQ0ITO0M" failures="0" tests="4" name="Wellcomepackage.LoginPageTest" time="85.340" errors="0" timestamp="2023-08-16T10:34:17 IST" skipped="3">
  <testcase classname="Wellcomepackage.LoginPageTest" name="FindWindowHandles" time="85.340"/>
  <testcase classname="Wellcomepackage.LoginPageTest" name="loginPageaTest">
    <skipped/>
  </testcase> <!-- loginPageaTest -->
  <testcase classname="Wellcomepackage.LoginPageTest" name="lambdatest">
    <skipped/>
  </testcase> <!-- lambdatest -->
  <testcase classname="Wellcomepackage.LoginPageTest" name="SuccessAlert">
    <skipped/>
  </testcase> <!-- SuccessAlert -->
</testsuite> <!-- Wellcomepackage.LoginPageTest -->
